CRITICAL - 2024-09-27 15:28:25 --> ParseError: syntax error, unexpected identifier "displayInfo", expecting "("
[Method: GET, Route: operations/Displayinfo/202210168/Carl%20Allen%20Torno/BSITWMA/3rd%20Year/TW32]
in APPPATH\Controllers\Operations.php on line 21.
 1 SYSTEMPATH\Autoloader\Autoloader.php(296): CodeIgniter\Autoloader\Autoloader->includeFile('C:\\xampp\\htdocs\\TS1Torno\\app\\Controllers\\Operations.php')
 2 SYSTEMPATH\Autoloader\Autoloader.php(272): CodeIgniter\Autoloader\Autoloader->loadInNamespace('App\\Controllers\\Operations')
 3 [internal function]: CodeIgniter\Autoloader\Autoloader->loadClass('App\\Controllers\\Operations')
 4 SYSTEMPATH\CodeIgniter.php(887): class_exists('\\App\\Controllers\\Operations', true)
 5 SYSTEMPATH\CodeIgniter.php(496): CodeIgniter\CodeIgniter->startController()
 6 SYSTEMPATH\CodeIgniter.php(355): CodeIgniter\CodeIgniter->handleRequest(null, Object(Config\Cache), false)
 7 SYSTEMPATH\Boot.php(325): CodeIgniter\CodeIgniter->run()
 8 SYSTEMPATH\Boot.php(67): CodeIgniter\Boot::runCodeIgniter(Object(CodeIgniter\CodeIgniter))
 9 FCPATH\index.php(56): CodeIgniter\Boot::bootWeb(Object(Config\Paths))
CRITICAL - 2024-09-27 15:28:44 --> ParseError: syntax error, unexpected identifier "displayInfo", expecting "("
[Method: GET, Route: operations/Displayinfo/202210168/Carl%20Allen%20Torno/BSITWMA/3rd%20Year/TW32]
in APPPATH\Controllers\Operations.php on line 21.
 1 SYSTEMPATH\Autoloader\Autoloader.php(296): CodeIgniter\Autoloader\Autoloader->includeFile('C:\\xampp\\htdocs\\TS1Torno\\app\\Controllers\\Operations.php')
 2 SYSTEMPATH\Autoloader\Autoloader.php(272): CodeIgniter\Autoloader\Autoloader->loadInNamespace('App\\Controllers\\Operations')
 3 [internal function]: CodeIgniter\Autoloader\Autoloader->loadClass('App\\Controllers\\Operations')
 4 SYSTEMPATH\CodeIgniter.php(887): class_exists('\\App\\Controllers\\Operations', true)
 5 SYSTEMPATH\CodeIgniter.php(496): CodeIgniter\CodeIgniter->startController()
 6 SYSTEMPATH\CodeIgniter.php(355): CodeIgniter\CodeIgniter->handleRequest(null, Object(Config\Cache), false)
 7 SYSTEMPATH\Boot.php(325): CodeIgniter\CodeIgniter->run()
 8 SYSTEMPATH\Boot.php(67): CodeIgniter\Boot::runCodeIgniter(Object(CodeIgniter\CodeIgniter))
 9 FCPATH\index.php(56): CodeIgniter\Boot::bootWeb(Object(Config\Paths))
